<?xml version="1.0" encoding="UTF-8"?>
<testsuite name="com.ymg.boot.springboot.web.PostsApiControllerTest" tests="1" skipped="0" failures="0" errors="0" timestamp="2022-09-21T14:11:24" hostname="YMKui-MacBookPro.local" time="1.104">
  <properties/>
  <testcase name="Posts_등록()" classname="com.ymg.boot.springboot.web.PostsApiControllerTest" time="1.104"/>
  <system-out><![CDATA[23:11:14.624 [Test worker] DEBUG org.springframework.test.context.BootstrapUtils - Instantiating CacheAwareContextLoaderDelegate from class [org.springframework.test.context.cache.DefaultCacheAwareContextLoaderDelegate]
23:11:14.635 [Test worker] DEBUG org.springframework.test.context.BootstrapUtils - Instantiating BootstrapContext using constructor [public org.springframework.test.context.support.DefaultBootstrapContext(java.lang.Class,org.springframework.test.context.CacheAwareContextLoaderDelegate)]
23:11:14.676 [Test worker] DEBUG org.springframework.test.context.BootstrapUtils - Instantiating TestContextBootstrapper for test class [com.ymg.boot.springboot.web.PostsApiControllerTest] from class [org.springframework.boot.test.context.SpringBootTestContextBootstrapper]
23:11:14.691 [Test worker] INFO org.springframework.boot.test.context.SpringBootTestContextBootstrapper - Neither @ContextConfiguration nor @ContextHierarchy found for test class [com.ymg.boot.springboot.web.PostsApiControllerTest], using SpringBootContextLoader
23:11:14.695 [Test worker] DEBUG org.springframework.test.context.support.AbstractContextLoader - Did not detect default resource location for test class [com.ymg.boot.springboot.web.PostsApiControllerTest]: class path resource [com/ymg/boot/springboot/web/PostsApiControllerTest-context.xml] does not exist
23:11:14.697 [Test worker] DEBUG org.springframework.test.context.support.AbstractContextLoader - Did not detect default resource location for test class [com.ymg.boot.springboot.web.PostsApiControllerTest]: class path resource [com/ymg/boot/springboot/web/PostsApiControllerTestContext.groovy] does not exist
23:11:14.698 [Test worker] INFO org.springframework.test.context.support.AbstractContextLoader - Could not detect default resource locations for test class [com.ymg.boot.springboot.web.PostsApiControllerTest]: no resource found for suffixes {-context.xml, Context.groovy}.
23:11:14.699 [Test worker] INFO org.springframework.test.context.support.AnnotationConfigContextLoaderUtils - Could not detect default configuration classes for test class [com.ymg.boot.springboot.web.PostsApiControllerTest]: PostsApiControllerTest does not declare any static, non-private, non-final, nested classes annotated with @Configuration.
23:11:14.769 [Test worker] DEBUG org.springframework.test.context.support.ActiveProfilesUtils - Could not find an 'annotation declaring class' for annotation type [org.springframework.test.context.ActiveProfiles] and class [com.ymg.boot.springboot.web.PostsApiControllerTest]
23:11:14.930 [Test worker] DEBUG org.springframework.context.annotation.ClassPathScanningCandidateComponentProvider - Identified candidate component class: file [/Users/ymk/IdeaProjects/com.ymg.boot/build/classes/java/main/com/ymg/boot/springboot/SpringBootApplication.class]
23:11:14.933 [Test worker] INFO org.springframework.boot.test.context.SpringBootTestContextBootstrapper - Found @SpringBootConfiguration com.ymg.boot.springboot.SpringBootApplication for test class com.ymg.boot.springboot.web.PostsApiControllerTest
23:11:15.035 [Test worker] DEBUG org.springframework.boot.test.context.SpringBootTestContextBootstrapper - @TestExecutionListeners is not present for class [com.ymg.boot.springboot.web.PostsApiControllerTest]: using defaults.
23:11:15.036 [Test worker] INFO org.springframework.boot.test.context.SpringBootTestContextBootstrapper - Loaded default TestExecutionListener class names from location [META-INF/spring.factories]: [org.springframework.boot.test.autoconfigure.restdocs.RestDocsTestExecutionListener, org.springframework.boot.test.autoconfigure.web.client.MockRestServiceServerResetTestExecutionListener, org.springframework.boot.test.autoconfigure.web.servlet.MockMvcPrintOnlyOnFailureTestExecutionListener, org.springframework.boot.test.autoconfigure.web.servlet.WebDriverTestExecutionListener, org.springframework.boot.test.autoconfigure.webservices.client.MockWebServiceServerTestExecutionListener, org.springframework.boot.test.mock.mockito.MockitoTestExecutionListener, org.springframework.boot.test.mock.mockito.ResetMocksTestExecutionListener, org.springframework.test.context.web.ServletTestExecutionListener, org.springframework.test.context.support.DirtiesContextBeforeModesTestExecutionListener, org.springframework.test.context.event.ApplicationEventsTestExecutionListener, org.springframework.test.context.support.DependencyInjectionTestExecutionListener, org.springframework.test.context.support.DirtiesContextTestExecutionListener, org.springframework.test.context.transaction.TransactionalTestExecutionListener, org.springframework.test.context.jdbc.SqlScriptsTestExecutionListener, org.springframework.test.context.event.EventPublishingTestExecutionListener]
23:11:15.053 [Test worker] INFO org.springframework.boot.test.context.SpringBootTestContextBootstrapper - Using TestExecutionListeners: [org.springframework.test.context.web.ServletTestExecutionListener@30ecf999, org.springframework.test.context.support.DirtiesContextBeforeModesTestExecutionListener@5c928206, org.springframework.test.context.event.ApplicationEventsTestExecutionListener@3f03d342, org.springframework.boot.test.mock.mockito.MockitoTestExecutionListener@5f6f465e, org.springframework.boot.test.autoconfigure.SpringBootDependencyInjectionTestExecutionListener@8985c1b, org.springframework.test.context.support.DirtiesContextTestExecutionListener@40d27dbc, org.springframework.test.context.transaction.TransactionalTestExecutionListener@61ea2f27, org.springframework.test.context.jdbc.SqlScriptsTestExecutionListener@4492d8f2, org.springframework.test.context.event.EventPublishingTestExecutionListener@ea03cff, org.springframework.boot.test.autoconfigure.restdocs.RestDocsTestExecutionListener@5d4c8f0a, org.springframework.boot.test.autoconfigure.web.client.MockRestServiceServerResetTestExecutionListener@6d6f0093, org.springframework.boot.test.autoconfigure.web.servlet.MockMvcPrintOnlyOnFailureTestExecutionListener@3f680084, org.springframework.boot.test.autoconfigure.web.servlet.WebDriverTestExecutionListener@30a09452, org.springframework.boot.test.autoconfigure.webservices.client.MockWebServiceServerTestExecutionListener@9ad7993, org.springframework.boot.test.mock.mockito.ResetMocksTestExecutionListener@1c538bad]
23:11:15.060 [Test worker] DEBUG org.springframework.test.context.support.AbstractDirtiesContextTestExecutionListener - Before test class: context [DefaultTestContext@24d636e9 testClass = PostsApiControllerTest, testInstance = [null], testMethod = [null], testException = [null], mergedContextConfiguration = [WebMergedContextConfiguration@25ade836 testClass = PostsApiControllerTest, locations = '{}', classes = '{class com.ymg.boot.springboot.SpringBootApplication}', contextInitializerClasses = '[]', activeProfiles = '{}', propertySourceLocations = '{}', propertySourceProperties = '{org.springframework.boot.test.context.SpringBootTestContextBootstrapper=true, server.port=0}', contextCustomizers = set[org.springframework.boot.test.autoconfigure.actuate.metrics.MetricsExportContextCustomizerFactory$DisableMetricExportContextCustomizer@7ab744b, org.springframework.boot.test.autoconfigure.properties.PropertyMappingContextCustomizer@0, org.springframework.boot.test.autoconfigure.web.servlet.WebDriverContextCustomizerFactory$Customizer@5794b54e, org.springframework.boot.test.context.filter.ExcludeFilterContextCustomizer@25777d42, org.springframework.boot.test.json.DuplicateJsonObjectContextCustomizerFactory$DuplicateJsonObjectContextCustomizer@540dbfa, org.springframework.boot.test.mock.mockito.MockitoContextCustomizer@0, org.springframework.boot.test.web.client.TestRestTemplateContextCustomizer@5933c65a, org.springframework.boot.test.context.SpringBootTestArgs@1, org.springframework.boot.test.context.SpringBootTestWebEnvironment@43539894], resourceBasePath = 'src/main/webapp', contextLoader = 'org.springframework.boot.test.context.SpringBootContextLoader', parent = [null]], attributes = map['org.springframework.test.context.web.ServletTestExecutionListener.activateListener' -> false]], class annotated with @DirtiesContext [false] with mode [null].
23:11:15.074 [Test worker] DEBUG org.springframework.test.context.support.DependencyInjectionTestExecutionListener - Performing dependency injection for test context [[DefaultTestContext@24d636e9 testClass = PostsApiControllerTest, testInstance = com.ymg.boot.springboot.web.PostsApiControllerTest@22e7110a, testMethod = [null], testException = [null], mergedContextConfiguration = [WebMergedContextConfiguration@25ade836 testClass = PostsApiControllerTest, locations = '{}', classes = '{class com.ymg.boot.springboot.SpringBootApplication}', contextInitializerClasses = '[]', activeProfiles = '{}', propertySourceLocations = '{}', propertySourceProperties = '{org.springframework.boot.test.context.SpringBootTestContextBootstrapper=true, server.port=0}', contextCustomizers = set[org.springframework.boot.test.autoconfigure.actuate.metrics.MetricsExportContextCustomizerFactory$DisableMetricExportContextCustomizer@7ab744b, org.springframework.boot.test.autoconfigure.properties.PropertyMappingContextCustomizer@0, org.springframework.boot.test.autoconfigure.web.servlet.WebDriverContextCustomizerFactory$Customizer@5794b54e, org.springframework.boot.test.context.filter.ExcludeFilterContextCustomizer@25777d42, org.springframework.boot.test.json.DuplicateJsonObjectContextCustomizerFactory$DuplicateJsonObjectContextCustomizer@540dbfa, org.springframework.boot.test.mock.mockito.MockitoContextCustomizer@0, org.springframework.boot.test.web.client.TestRestTemplateContextCustomizer@5933c65a, org.springframework.boot.test.context.SpringBootTestArgs@1, org.springframework.boot.test.context.SpringBootTestWebEnvironment@43539894], resourceBasePath = 'src/main/webapp', contextLoader = 'org.springframework.boot.test.context.SpringBootContextLoader', parent = [null]], attributes = map['org.springframework.test.context.web.ServletTestExecutionListener.activateListener' -> false, 'org.springframework.test.context.event.ApplicationEventsTestExecutionListener.recordApplicationEvents' -> false]]].

  .   ____          _            __ _ _
 /\\ / ___'_ __ _ _(_)_ __  __ _ \ \ \ \
( ( )\___ | '_ | '_| | '_ \/ _` | \ \ \ \
 \\/  ___)| |_)| | | | | || (_| |  ) ) ) )
  '  |____| .__|_| |_|_| |_\__, | / / / /
 =========|_|==============|___/=/_/_/_/
 :: Spring Boot ::                (v2.7.3)

2022-09-21 23:11:15.899  INFO 1300 --- [    Test worker] c.y.b.s.web.PostsApiControllerTest       : Starting PostsApiControllerTest using Java 13.0.2 on YMKui-MacBookPro.local with PID 1300 (started by ymk in /Users/ymk/IdeaProjects/com.ymg.boot)
2022-09-21 23:11:15.905  INFO 1300 --- [    Test worker] c.y.b.s.web.PostsApiControllerTest       : No active profile set, falling back to 1 default profile: "default"
2022-09-21 23:11:17.326  INFO 1300 --- [    Test worker] .s.d.r.c.RepositoryConfigurationDelegate : Bootstrapping Spring Data JPA repositories in DEFAULT mode.
2022-09-21 23:11:17.396  INFO 1300 --- [    Test worker] .s.d.r.c.RepositoryConfigurationDelegate : Finished Spring Data repository scanning in 64 ms. Found 1 JPA repository interfaces.
2022-09-21 23:11:18.687  INFO 1300 --- [    Test worker] o.s.b.w.embedded.tomcat.TomcatWebServer  : Tomcat initialized with port(s): 0 (http)
2022-09-21 23:11:18.700  INFO 1300 --- [    Test worker] o.apache.catalina.core.StandardService   : Starting service [Tomcat]
2022-09-21 23:11:18.701  INFO 1300 --- [    Test worker] org.apache.catalina.core.StandardEngine  : Starting Servlet engine: [Apache Tomcat/9.0.65]
2022-09-21 23:11:18.870  INFO 1300 --- [    Test worker] o.a.c.c.C.[Tomcat].[localhost].[/]       : Initializing Spring embedded WebApplicationContext
2022-09-21 23:11:18.871  INFO 1300 --- [    Test worker] w.s.c.ServletWebServerApplicationContext : Root WebApplicationContext: initialization completed in 2909 ms
2022-09-21 23:11:18.999  INFO 1300 --- [    Test worker] com.zaxxer.hikari.HikariDataSource       : HikariPool-1 - Starting...
2022-09-21 23:11:19.252  INFO 1300 --- [    Test worker] com.zaxxer.hikari.HikariDataSource       : HikariPool-1 - Start completed.
2022-09-21 23:11:19.292  INFO 1300 --- [    Test worker] o.s.b.a.h2.H2ConsoleAutoConfiguration    : H2 console available at '/h2-console'. Database available at 'jdbc:h2:mem://localhost/~/testdb'
2022-09-21 23:11:19.966  INFO 1300 --- [    Test worker] o.hibernate.jpa.internal.util.LogHelper  : HHH000204: Processing PersistenceUnitInfo [name: default]
2022-09-21 23:11:20.019  INFO 1300 --- [    Test worker] org.hibernate.Version                    : HHH000412: Hibernate ORM core version 5.6.10.Final
2022-09-21 23:11:20.218  INFO 1300 --- [    Test worker] o.hibernate.annotations.common.Version   : HCANN000001: Hibernate Commons Annotations {5.1.2.Final}
2022-09-21 23:11:20.326  INFO 1300 --- [    Test worker] org.hibernate.dialect.Dialect            : HHH000400: Using dialect: org.hibernate.dialect.MySQL57Dialect
Hibernate: drop table if exists posts
Hibernate: create table posts (id bigint not null auto_increment, create_date datetime(6), modified_date datetime(6), author varchar(255), content TEXT not null, title varchar(500) not null, primary key (id)) engine=InnoDB
2022-09-21 23:11:20.864  INFO 1300 --- [    Test worker] o.h.e.t.j.p.i.JtaPlatformInitiator       : HHH000490: Using JtaPlatform implementation: [org.hibernate.engine.transaction.jta.platform.internal.NoJtaPlatform]
2022-09-21 23:11:20.870  INFO 1300 --- [    Test worker] j.LocalContainerEntityManagerFactoryBean : Initialized JPA EntityManagerFactory for persistence unit 'default'
2022-09-21 23:11:22.261  WARN 1300 --- [    Test worker] JpaBaseConfiguration$JpaWebConfiguration : spring.jpa.open-in-view is enabled by default. Therefore, database queries may be performed during view rendering. Explicitly configure spring.jpa.open-in-view to disable this warning
2022-09-21 23:11:23.005  INFO 1300 --- [    Test worker] o.s.b.a.w.s.WelcomePageHandlerMapping    : Adding welcome page template: index
2022-09-21 23:11:23.553  WARN 1300 --- [    Test worker] o.s.b.a.batch.JpaBatchConfigurer         : JPA does not support custom isolation levels, so locks may not be taken when launching Jobs. To silence this warning, set 'spring.batch.jdbc.isolation-level-for-create' to 'default'.
2022-09-21 23:11:23.560  INFO 1300 --- [    Test worker] o.s.b.c.r.s.JobRepositoryFactoryBean     : No database type set, using meta data indicating: H2
2022-09-21 23:11:23.581  INFO 1300 --- [    Test worker] o.s.b.c.l.support.SimpleJobLauncher      : No TaskExecutor has been set, defaulting to synchronous executor.
2022-09-21 23:11:23.967  INFO 1300 --- [    Test worker] o.s.b.w.embedded.tomcat.TomcatWebServer  : Tomcat started on port(s): 49817 (http) with context path ''
2022-09-21 23:11:24.017  INFO 1300 --- [    Test worker] c.y.b.s.web.PostsApiControllerTest       : Started PostsApiControllerTest in 8.905 seconds (JVM running for 10.801)
2022-09-21 23:11:24.031  INFO 1300 --- [    Test worker] o.s.b.a.b.JobLauncherApplicationRunner   : Running default command line with: []
2022-09-21 23:11:24.131  INFO 1300 --- [    Test worker] o.s.b.c.l.support.SimpleJobLauncher      : Job: [SimpleJob: [name=sample]] launched with the following parameters: [{}]
2022-09-21 23:11:24.183  INFO 1300 --- [    Test worker] o.s.batch.core.job.SimpleStepHandler     : Executing step: [simpleStep1]
2022-09-21 23:11:24.194  INFO 1300 --- [    Test worker] com.ymg.boot.springboot.batch.sampleJop  : >>> step1
2022-09-21 23:11:24.200  INFO 1300 --- [    Test worker] o.s.batch.core.step.AbstractStep         : Step: [simpleStep1] executed in 17ms
2022-09-21 23:11:24.209  INFO 1300 --- [    Test worker] o.s.b.c.l.support.SimpleJobLauncher      : Job: [SimpleJob: [name=sample]] completed with the following parameters: [{}] and the following status: [COMPLETED] in 47ms
2022-09-21 23:11:24.826  INFO 1300 --- [o-auto-1-exec-1] o.a.c.c.C.[Tomcat].[localhost].[/]       : Initializing Spring DispatcherServlet 'dispatcherServlet'
2022-09-21 23:11:24.830  INFO 1300 --- [o-auto-1-exec-1] o.s.web.servlet.DispatcherServlet        : Initializing Servlet 'dispatcherServlet'
2022-09-21 23:11:24.836  INFO 1300 --- [o-auto-1-exec-1] o.s.web.servlet.DispatcherServlet        : Completed initialization in 5 ms
Hibernate: insert into posts (create_date, modified_date, author, content, title) values (?, ?, ?, ?, ?)
Hibernate: select posts0_.id as id1_0_, posts0_.create_date as create_d2_0_, posts0_.modified_date as modified3_0_, posts0_.author as author4_0_, posts0_.content as content5_0_, posts0_.title as title6_0_ from posts posts0_
Hibernate: select posts0_.id as id1_0_, posts0_.create_date as create_d2_0_, posts0_.modified_date as modified3_0_, posts0_.author as author4_0_, posts0_.content as content5_0_, posts0_.title as title6_0_ from posts posts0_
Hibernate: delete from posts where id=?
]]></system-out>
  <system-err><![CDATA[]]></system-err>
</testsuite>
