<?xml version="1.0" encoding="UTF-8"?>
<testsuite name="com.ymg.boot.springboot.web.PostsApiControllerTest" tests="1" skipped="0" failures="0" errors="0" timestamp="2022-09-12T14:36:05" hostname="YMKui-MacBookPro.local" time="1.074">
  <properties/>
  <testcase name="Posts_등록" classname="com.ymg.boot.springboot.web.PostsApiControllerTest" time="1.074"/>
  <system-out><![CDATA[23:35:57.987 [Test worker] DEBUG org.springframework.test.annotation.ProfileValueUtils - Retrieved @ProfileValueSourceConfiguration [null] for test class [com.ymg.boot.springboot.web.PostsApiControllerTest]
23:35:57.987 [Test worker] DEBUG org.springframework.test.annotation.ProfileValueUtils - Retrieved ProfileValueSource type [class org.springframework.test.annotation.SystemProfileValueSource] for class [com.ymg.boot.springboot.web.PostsApiControllerTest]
23:35:57.988 [Test worker] DEBUG org.springframework.test.annotation.ProfileValueUtils - Retrieved @ProfileValueSourceConfiguration [null] for test class [com.ymg.boot.springboot.web.PostsApiControllerTest]
23:35:57.989 [Test worker] DEBUG org.springframework.test.annotation.ProfileValueUtils - Retrieved ProfileValueSource type [class org.springframework.test.annotation.SystemProfileValueSource] for class [com.ymg.boot.springboot.web.PostsApiControllerTest]
23:35:57.993 [Test worker] DEBUG org.springframework.test.context.support.AbstractDirtiesContextTestExecutionListener - Before test class: context [DefaultTestContext@11ba9ba2 testClass = PostsApiControllerTest, testInstance = [null], testMethod = [null], testException = [null], mergedContextConfiguration = [WebMergedContextConfiguration@28e9a8b5 testClass = PostsApiControllerTest, locations = '{}', classes = '{class com.ymg.boot.springboot.SpringBootApplication}', contextInitializerClasses = '[]', activeProfiles = '{}', propertySourceLocations = '{}', propertySourceProperties = '{org.springframework.boot.test.context.SpringBootTestContextBootstrapper=true, server.port=0}', contextCustomizers = set[org.springframework.boot.test.autoconfigure.properties.PropertyMappingContextCustomizer@0, org.springframework.boot.test.autoconfigure.web.servlet.WebDriverContextCustomizerFactory$Customizer@31f9dd27, org.springframework.boot.test.context.filter.ExcludeFilterContextCustomizer@49e53516, org.springframework.boot.test.json.DuplicateJsonObjectContextCustomizerFactory$DuplicateJsonObjectContextCustomizer@6ada3c02, org.springframework.boot.test.mock.mockito.MockitoContextCustomizer@0, org.springframework.boot.test.web.client.TestRestTemplateContextCustomizer@145ab005, org.springframework.boot.test.context.SpringBootTestArgs@1, org.springframework.boot.test.context.SpringBootTestWebEnvironment@704db33b], resourceBasePath = 'src/main/webapp', contextLoader = 'org.springframework.boot.test.context.SpringBootContextLoader', parent = [null]], attributes = map['org.springframework.test.context.web.ServletTestExecutionListener.activateListener' -> false]], class annotated with @DirtiesContext [false] with mode [null].
23:35:57.994 [Test worker] DEBUG org.springframework.test.annotation.ProfileValueUtils - Retrieved @ProfileValueSourceConfiguration [null] for test class [com.ymg.boot.springboot.web.PostsApiControllerTest]
23:35:57.995 [Test worker] DEBUG org.springframework.test.annotation.ProfileValueUtils - Retrieved ProfileValueSource type [class org.springframework.test.annotation.SystemProfileValueSource] for class [com.ymg.boot.springboot.web.PostsApiControllerTest]
23:35:57.999 [Test worker] DEBUG org.springframework.test.context.support.DependencyInjectionTestExecutionListener - Performing dependency injection for test context [[DefaultTestContext@11ba9ba2 testClass = PostsApiControllerTest, testInstance = com.ymg.boot.springboot.web.PostsApiControllerTest@1453bc4, testMethod = [null], testException = [null], mergedContextConfiguration = [WebMergedContextConfiguration@28e9a8b5 testClass = PostsApiControllerTest, locations = '{}', classes = '{class com.ymg.boot.springboot.SpringBootApplication}', contextInitializerClasses = '[]', activeProfiles = '{}', propertySourceLocations = '{}', propertySourceProperties = '{org.springframework.boot.test.context.SpringBootTestContextBootstrapper=true, server.port=0}', contextCustomizers = set[org.springframework.boot.test.autoconfigure.properties.PropertyMappingContextCustomizer@0, org.springframework.boot.test.autoconfigure.web.servlet.WebDriverContextCustomizerFactory$Customizer@31f9dd27, org.springframework.boot.test.context.filter.ExcludeFilterContextCustomizer@49e53516, org.springframework.boot.test.json.DuplicateJsonObjectContextCustomizerFactory$DuplicateJsonObjectContextCustomizer@6ada3c02, org.springframework.boot.test.mock.mockito.MockitoContextCustomizer@0, org.springframework.boot.test.web.client.TestRestTemplateContextCustomizer@145ab005, org.springframework.boot.test.context.SpringBootTestArgs@1, org.springframework.boot.test.context.SpringBootTestWebEnvironment@704db33b], resourceBasePath = 'src/main/webapp', contextLoader = 'org.springframework.boot.test.context.SpringBootContextLoader', parent = [null]], attributes = map['org.springframework.test.context.web.ServletTestExecutionListener.activateListener' -> false]]].
23:35:58.027 [Test worker] DEBUG org.springframework.test.context.support.TestPropertySourceUtils - Adding inlined properties to environment: {spring.jmx.enabled=false, org.springframework.boot.test.context.SpringBootTestContextBootstrapper=true, server.port=0}

  .   ____          _            __ _ _
 /\\ / ___'_ __ _ _(_)_ __  __ _ \ \ \ \
( ( )\___ | '_ | '_| | '_ \/ _` | \ \ \ \
 \\/  ___)| |_)| | | | | || (_| |  ) ) ) )
  '  |____| .__|_| |_|_| |_\__, | / / / /
 =========|_|==============|___/=/_/_/_/
 :: Spring Boot ::        (v2.3.9.RELEASE)

2022-09-12 23:35:58.588  INFO 8853 --- [    Test worker] c.y.b.s.web.PostsApiControllerTest       : Starting PostsApiControllerTest on YMKui-MacBookPro.local with PID 8853 (started by ymk in /Users/ymk/IdeaProjects/com.ymg.boot)
2022-09-12 23:35:58.593  INFO 8853 --- [    Test worker] c.y.b.s.web.PostsApiControllerTest       : No active profile set, falling back to default profiles: default
2022-09-12 23:35:59.708  INFO 8853 --- [    Test worker] .s.d.r.c.RepositoryConfigurationDelegate : Bootstrapping Spring Data JPA repositories in DEFAULT mode.
2022-09-12 23:35:59.818  INFO 8853 --- [    Test worker] .s.d.r.c.RepositoryConfigurationDelegate : Finished Spring Data repository scanning in 90ms. Found 1 JPA repository interfaces.
2022-09-12 23:36:01.079  INFO 8853 --- [    Test worker] o.s.b.w.embedded.tomcat.TomcatWebServer  : Tomcat initialized with port(s): 0 (http)
2022-09-12 23:36:01.116  INFO 8853 --- [    Test worker] o.apache.catalina.core.StandardService   : Starting service [Tomcat]
2022-09-12 23:36:01.118  INFO 8853 --- [    Test worker] org.apache.catalina.core.StandardEngine  : Starting Servlet engine: [Apache Tomcat/9.0.43]
2022-09-12 23:36:01.277  INFO 8853 --- [    Test worker] o.a.c.c.C.[Tomcat].[localhost].[/]       : Initializing Spring embedded WebApplicationContext
2022-09-12 23:36:01.278  INFO 8853 --- [    Test worker] w.s.c.ServletWebServerApplicationContext : Root WebApplicationContext: initialization completed in 2643 ms
2022-09-12 23:36:01.728  INFO 8853 --- [    Test worker] com.zaxxer.hikari.HikariDataSource       : HikariPool-1 - Starting...
2022-09-12 23:36:01.963  INFO 8853 --- [    Test worker] com.zaxxer.hikari.HikariDataSource       : HikariPool-1 - Start completed.
2022-09-12 23:36:02.164  INFO 8853 --- [    Test worker] o.hibernate.jpa.internal.util.LogHelper  : HHH000204: Processing PersistenceUnitInfo [name: default]
2022-09-12 23:36:02.213  INFO 8853 --- [    Test worker] org.hibernate.Version                    : HHH000412: Hibernate ORM core version 5.4.28.Final
2022-09-12 23:36:02.380  INFO 8853 --- [    Test worker] o.hibernate.annotations.common.Version   : HCANN000001: Hibernate Commons Annotations {5.1.2.Final}
2022-09-12 23:36:02.509  INFO 8853 --- [    Test worker] org.hibernate.dialect.Dialect            : HHH000400: Using dialect: org.hibernate.dialect.MySQL57Dialect
Hibernate: drop table if exists posts
Hibernate: create table posts (id bigint not null auto_increment, auther varchar(255), content TEXT not null, title varchar(500) not null, primary key (id)) engine=InnoDB
2022-09-12 23:36:03.072  INFO 8853 --- [    Test worker] o.h.e.t.j.p.i.JtaPlatformInitiator       : HHH000490: Using JtaPlatform implementation: [org.hibernate.engine.transaction.jta.platform.internal.NoJtaPlatform]
2022-09-12 23:36:03.079  INFO 8853 --- [    Test worker] j.LocalContainerEntityManagerFactoryBean : Initialized JPA EntityManagerFactory for persistence unit 'default'
2022-09-12 23:36:03.947  WARN 8853 --- [    Test worker] JpaBaseConfiguration$JpaWebConfiguration : spring.jpa.open-in-view is enabled by default. Therefore, database queries may be performed during view rendering. Explicitly configure spring.jpa.open-in-view to disable this warning
2022-09-12 23:36:04.386  INFO 8853 --- [    Test worker] o.s.s.concurrent.ThreadPoolTaskExecutor  : Initializing ExecutorService 'applicationTaskExecutor'
2022-09-12 23:36:05.356  INFO 8853 --- [    Test worker] o.s.b.w.embedded.tomcat.TomcatWebServer  : Tomcat started on port(s): 53329 (http) with context path ''
2022-09-12 23:36:05.374  INFO 8853 --- [    Test worker] c.y.b.s.web.PostsApiControllerTest       : Started PostsApiControllerTest in 7.341 seconds (JVM running for 9.271)
2022-09-12 23:36:05.898  INFO 8853 --- [o-auto-1-exec-1] o.a.c.c.C.[Tomcat].[localhost].[/]       : Initializing Spring DispatcherServlet 'dispatcherServlet'
2022-09-12 23:36:05.901  INFO 8853 --- [o-auto-1-exec-1] o.s.web.servlet.DispatcherServlet        : Initializing Servlet 'dispatcherServlet'
2022-09-12 23:36:05.962  INFO 8853 --- [o-auto-1-exec-1] o.s.web.servlet.DispatcherServlet        : Completed initialization in 60 ms
Hibernate: insert into posts (auther, content, title) values (?, ?, ?)
Hibernate: select posts0_.id as id1_0_, posts0_.auther as auther2_0_, posts0_.content as content3_0_, posts0_.title as title4_0_ from posts posts0_
Hibernate: select posts0_.id as id1_0_, posts0_.auther as auther2_0_, posts0_.content as content3_0_, posts0_.title as title4_0_ from posts posts0_
Hibernate: delete from posts where id=?
]]></system-out>
  <system-err><![CDATA[]]></system-err>
</testsuite>
