<?xml version="1.0" encoding="UTF-8"?>
<testsuite name="com.ymg.boot.springboot.web.PostsApiControllerTest" tests="1" skipped="0" failures="0" errors="0" timestamp="2022-09-14T15:05:34" hostname="YMKui-MacBookPro.local" time="1.088">
  <properties/>
  <testcase name="Posts_수정" classname="com.ymg.boot.springboot.web.PostsApiControllerTest" time="1.088"/>
  <system-out><![CDATA[00:05:27.567 [Test worker] DEBUG org.springframework.test.annotation.ProfileValueUtils - Retrieved @ProfileValueSourceConfiguration [null] for test class [com.ymg.boot.springboot.web.PostsApiControllerTest]
00:05:27.568 [Test worker] DEBUG org.springframework.test.annotation.ProfileValueUtils - Retrieved ProfileValueSource type [class org.springframework.test.annotation.SystemProfileValueSource] for class [com.ymg.boot.springboot.web.PostsApiControllerTest]
00:05:27.568 [Test worker] DEBUG org.springframework.test.annotation.ProfileValueUtils - Retrieved @ProfileValueSourceConfiguration [null] for test class [com.ymg.boot.springboot.web.PostsApiControllerTest]
00:05:27.569 [Test worker] DEBUG org.springframework.test.annotation.ProfileValueUtils - Retrieved ProfileValueSource type [class org.springframework.test.annotation.SystemProfileValueSource] for class [com.ymg.boot.springboot.web.PostsApiControllerTest]
00:05:27.576 [Test worker] DEBUG org.springframework.test.context.support.AbstractDirtiesContextTestExecutionListener - Before test class: context [DefaultTestContext@fda0b2b testClass = PostsApiControllerTest, testInstance = [null], testMethod = [null], testException = [null], mergedContextConfiguration = [WebMergedContextConfiguration@31aadbf1 testClass = PostsApiControllerTest, locations = '{}', classes = '{class com.ymg.boot.springboot.SpringBootApplication}', contextInitializerClasses = '[]', activeProfiles = '{}', propertySourceLocations = '{}', propertySourceProperties = '{org.springframework.boot.test.context.SpringBootTestContextBootstrapper=true, server.port=0}', contextCustomizers = set[org.springframework.boot.test.autoconfigure.properties.PropertyMappingContextCustomizer@0, org.springframework.boot.test.autoconfigure.web.servlet.WebDriverContextCustomizerFactory$Customizer@1788c4ef, org.springframework.boot.test.context.filter.ExcludeFilterContextCustomizer@16e3dd5b, org.springframework.boot.test.json.DuplicateJsonObjectContextCustomizerFactory$DuplicateJsonObjectContextCustomizer@7e6fb678, org.springframework.boot.test.mock.mockito.MockitoContextCustomizer@0, org.springframework.boot.test.web.client.TestRestTemplateContextCustomizer@60f21c95, org.springframework.boot.test.context.SpringBootTestArgs@1, org.springframework.boot.test.context.SpringBootTestWebEnvironment@21442a15], resourceBasePath = 'src/main/webapp', contextLoader = 'org.springframework.boot.test.context.SpringBootContextLoader', parent = [null]], attributes = map['org.springframework.test.context.web.ServletTestExecutionListener.activateListener' -> false]], class annotated with @DirtiesContext [false] with mode [null].
00:05:27.578 [Test worker] DEBUG org.springframework.test.annotation.ProfileValueUtils - Retrieved @ProfileValueSourceConfiguration [null] for test class [com.ymg.boot.springboot.web.PostsApiControllerTest]
00:05:27.578 [Test worker] DEBUG org.springframework.test.annotation.ProfileValueUtils - Retrieved ProfileValueSource type [class org.springframework.test.annotation.SystemProfileValueSource] for class [com.ymg.boot.springboot.web.PostsApiControllerTest]
00:05:27.583 [Test worker] DEBUG org.springframework.test.context.support.DependencyInjectionTestExecutionListener - Performing dependency injection for test context [[DefaultTestContext@fda0b2b testClass = PostsApiControllerTest, testInstance = com.ymg.boot.springboot.web.PostsApiControllerTest@1d01c6ff, testMethod = [null], testException = [null], mergedContextConfiguration = [WebMergedContextConfiguration@31aadbf1 testClass = PostsApiControllerTest, locations = '{}', classes = '{class com.ymg.boot.springboot.SpringBootApplication}', contextInitializerClasses = '[]', activeProfiles = '{}', propertySourceLocations = '{}', propertySourceProperties = '{org.springframework.boot.test.context.SpringBootTestContextBootstrapper=true, server.port=0}', contextCustomizers = set[org.springframework.boot.test.autoconfigure.properties.PropertyMappingContextCustomizer@0, org.springframework.boot.test.autoconfigure.web.servlet.WebDriverContextCustomizerFactory$Customizer@1788c4ef, org.springframework.boot.test.context.filter.ExcludeFilterContextCustomizer@16e3dd5b, org.springframework.boot.test.json.DuplicateJsonObjectContextCustomizerFactory$DuplicateJsonObjectContextCustomizer@7e6fb678, org.springframework.boot.test.mock.mockito.MockitoContextCustomizer@0, org.springframework.boot.test.web.client.TestRestTemplateContextCustomizer@60f21c95, org.springframework.boot.test.context.SpringBootTestArgs@1, org.springframework.boot.test.context.SpringBootTestWebEnvironment@21442a15], resourceBasePath = 'src/main/webapp', contextLoader = 'org.springframework.boot.test.context.SpringBootContextLoader', parent = [null]], attributes = map['org.springframework.test.context.web.ServletTestExecutionListener.activateListener' -> false]]].
00:05:27.622 [Test worker] DEBUG org.springframework.test.context.support.TestPropertySourceUtils - Adding inlined properties to environment: {spring.jmx.enabled=false, org.springframework.boot.test.context.SpringBootTestContextBootstrapper=true, server.port=0}

  .   ____          _            __ _ _
 /\\ / ___'_ __ _ _(_)_ __  __ _ \ \ \ \
( ( )\___ | '_ | '_| | '_ \/ _` | \ \ \ \
 \\/  ___)| |_)| | | | | || (_| |  ) ) ) )
  '  |____| .__|_| |_|_| |_\__, | / / / /
 =========|_|==============|___/=/_/_/_/
 :: Spring Boot ::        (v2.3.9.RELEASE)

2022-09-15 00:05:28.328  INFO 2960 --- [    Test worker] c.y.b.s.web.PostsApiControllerTest       : Starting PostsApiControllerTest on YMKui-MacBookPro.local with PID 2960 (started by ymk in /Users/ymk/IdeaProjects/com.ymg.boot)
2022-09-15 00:05:28.334  INFO 2960 --- [    Test worker] c.y.b.s.web.PostsApiControllerTest       : No active profile set, falling back to default profiles: default
2022-09-15 00:05:29.731  INFO 2960 --- [    Test worker] .s.d.r.c.RepositoryConfigurationDelegate : Bootstrapping Spring Data JPA repositories in DEFAULT mode.
2022-09-15 00:05:29.842  INFO 2960 --- [    Test worker] .s.d.r.c.RepositoryConfigurationDelegate : Finished Spring Data repository scanning in 97ms. Found 1 JPA repository interfaces.
2022-09-15 00:05:31.155  INFO 2960 --- [    Test worker] o.s.b.w.embedded.tomcat.TomcatWebServer  : Tomcat initialized with port(s): 0 (http)
2022-09-15 00:05:31.175  INFO 2960 --- [    Test worker] o.apache.catalina.core.StandardService   : Starting service [Tomcat]
2022-09-15 00:05:31.176  INFO 2960 --- [    Test worker] org.apache.catalina.core.StandardEngine  : Starting Servlet engine: [Apache Tomcat/9.0.43]
2022-09-15 00:05:31.402  INFO 2960 --- [    Test worker] o.a.c.c.C.[Tomcat].[localhost].[/]       : Initializing Spring embedded WebApplicationContext
2022-09-15 00:05:31.405  INFO 2960 --- [    Test worker] w.s.c.ServletWebServerApplicationContext : Root WebApplicationContext: initialization completed in 3034 ms
2022-09-15 00:05:31.888  INFO 2960 --- [    Test worker] com.zaxxer.hikari.HikariDataSource       : HikariPool-1 - Starting...
2022-09-15 00:05:32.124  INFO 2960 --- [    Test worker] com.zaxxer.hikari.HikariDataSource       : HikariPool-1 - Start completed.
2022-09-15 00:05:32.330  INFO 2960 --- [    Test worker] o.hibernate.jpa.internal.util.LogHelper  : HHH000204: Processing PersistenceUnitInfo [name: default]
2022-09-15 00:05:32.390  INFO 2960 --- [    Test worker] org.hibernate.Version                    : HHH000412: Hibernate ORM core version 5.4.28.Final
2022-09-15 00:05:32.577  INFO 2960 --- [    Test worker] o.hibernate.annotations.common.Version   : HCANN000001: Hibernate Commons Annotations {5.1.2.Final}
2022-09-15 00:05:32.690  INFO 2960 --- [    Test worker] org.hibernate.dialect.Dialect            : HHH000400: Using dialect: org.hibernate.dialect.MySQL57Dialect
Hibernate: drop table if exists posts
Hibernate: create table posts (id bigint not null auto_increment, auther varchar(255), content TEXT not null, title varchar(500) not null, primary key (id)) engine=InnoDB
2022-09-15 00:05:33.223  INFO 2960 --- [    Test worker] o.h.e.t.j.p.i.JtaPlatformInitiator       : HHH000490: Using JtaPlatform implementation: [org.hibernate.engine.transaction.jta.platform.internal.NoJtaPlatform]
2022-09-15 00:05:33.231  INFO 2960 --- [    Test worker] j.LocalContainerEntityManagerFactoryBean : Initialized JPA EntityManagerFactory for persistence unit 'default'
2022-09-15 00:05:33.829  WARN 2960 --- [    Test worker] JpaBaseConfiguration$JpaWebConfiguration : spring.jpa.open-in-view is enabled by default. Therefore, database queries may be performed during view rendering. Explicitly configure spring.jpa.open-in-view to disable this warning
2022-09-15 00:05:34.196  INFO 2960 --- [    Test worker] o.s.s.concurrent.ThreadPoolTaskExecutor  : Initializing ExecutorService 'applicationTaskExecutor'
2022-09-15 00:05:34.834  INFO 2960 --- [    Test worker] o.s.b.w.embedded.tomcat.TomcatWebServer  : Tomcat started on port(s): 49345 (http) with context path ''
2022-09-15 00:05:34.853  INFO 2960 --- [    Test worker] c.y.b.s.web.PostsApiControllerTest       : Started PostsApiControllerTest in 7.225 seconds (JVM running for 9.464)
Hibernate: insert into posts (auther, content, title) values (?, ?, ?)
2022-09-15 00:05:35.500  INFO 2960 --- [o-auto-1-exec-1] o.a.c.c.C.[Tomcat].[localhost].[/]       : Initializing Spring DispatcherServlet 'dispatcherServlet'
2022-09-15 00:05:35.504  INFO 2960 --- [o-auto-1-exec-1] o.s.web.servlet.DispatcherServlet        : Initializing Servlet 'dispatcherServlet'
2022-09-15 00:05:35.589  INFO 2960 --- [o-auto-1-exec-1] o.s.web.servlet.DispatcherServlet        : Completed initialization in 84 ms
Hibernate: select posts0_.id as id1_0_0_, posts0_.auther as auther2_0_0_, posts0_.content as content3_0_0_, posts0_.title as title4_0_0_ from posts posts0_ where posts0_.id=?
Hibernate: update posts set auther=?, content=?, title=? where id=?
Hibernate: select posts0_.id as id1_0_, posts0_.auther as auther2_0_, posts0_.content as content3_0_, posts0_.title as title4_0_ from posts posts0_
Hibernate: select posts0_.id as id1_0_, posts0_.auther as auther2_0_, posts0_.content as content3_0_, posts0_.title as title4_0_ from posts posts0_
Hibernate: delete from posts where id=?
]]></system-out>
  <system-err><![CDATA[]]></system-err>
</testsuite>
